<?xml version="1.0" encoding="UTF-8"?>
<testsuite xmlns:xsi="http://www.w3.org/2001/XMLSchema-instance" xsi:noNamespaceSchemaLocation="https://maven.apache.org/surefire/maven-surefire-plugin/xsd/surefire-test-report.xsd" name="com.zhn.NormalTest" time="0" tests="1" errors="0" skipped="0" failures="0">
  <properties>
    <property name="sun.desktop" value="windows"/>
    <property name="awt.toolkit" value="sun.awt.windows.WToolkit"/>
    <property name="file.encoding.pkg" value="sun.io"/>
    <property name="java.specification.version" value="1.8"/>
    <property name="sun.cpu.isalist" value="amd64"/>
    <property name="sun.jnu.encoding" value="GBK"/>
    <property name="java.class.path" value="E:\Java_Project\Redis_zhn\shop\target\test-classes;E:\Java_Project\Redis_zhn\shop\target\classes;E:\java_web\Maven\apache-maven-3.8.1\maven-repo\org\springframework\boot\spring-boot-starter-data-redis\2.3.12.RELEASE\spring-boot-starter-data-redis-2.3.12.RELEASE.jar;E:\java_web\Maven\apache-maven-3.8.1\maven-repo\org\springframework\boot\spring-boot-starter\2.3.12.RELEASE\spring-boot-starter-2.3.12.RELEASE.jar;E:\java_web\Maven\apache-maven-3.8.1\maven-repo\org\springframework\boot\spring-boot\2.3.12.RELEASE\spring-boot-2.3.12.RELEASE.jar;E:\java_web\Maven\apache-maven-3.8.1\maven-repo\org\springframework\boot\spring-boot-starter-logging\2.3.12.RELEASE\spring-boot-starter-logging-2.3.12.RELEASE.jar;E:\java_web\Maven\apache-maven-3.8.1\maven-repo\ch\qos\logback\logback-classic\1.2.3\logback-classic-1.2.3.jar;E:\java_web\Maven\apache-maven-3.8.1\maven-repo\ch\qos\logback\logback-core\1.2.3\logback-core-1.2.3.jar;E:\java_web\Maven\apache-maven-3.8.1\maven-repo\org\apache\logging\log4j\log4j-to-slf4j\2.13.3\log4j-to-slf4j-2.13.3.jar;E:\java_web\Maven\apache-maven-3.8.1\maven-repo\org\apache\logging\log4j\log4j-api\2.13.3\log4j-api-2.13.3.jar;E:\java_web\Maven\apache-maven-3.8.1\maven-repo\org\slf4j\jul-to-slf4j\1.7.30\jul-to-slf4j-1.7.30.jar;E:\java_web\Maven\apache-maven-3.8.1\maven-repo\jakarta\annotation\jakarta.annotation-api\1.3.5\jakarta.annotation-api-1.3.5.jar;E:\java_web\Maven\apache-maven-3.8.1\maven-repo\org\springframework\data\spring-data-redis\2.6.2\spring-data-redis-2.6.2.jar;E:\java_web\Maven\apache-maven-3.8.1\maven-repo\org\springframework\data\spring-data-keyvalue\2.3.9.RELEASE\spring-data-keyvalue-2.3.9.RELEASE.jar;E:\java_web\Maven\apache-maven-3.8.1\maven-repo\org\springframework\data\spring-data-commons\2.3.9.RELEASE\spring-data-commons-2.3.9.RELEASE.jar;E:\java_web\Maven\apache-maven-3.8.1\maven-repo\org\springframework\spring-context\5.2.15.RELEASE\spring-context-5.2.15.RELEASE.jar;E:\java_web\Maven\apache-maven-3.8.1\maven-repo\org\springframework\spring-tx\5.2.15.RELEASE\spring-tx-5.2.15.RELEASE.jar;E:\java_web\Maven\apache-maven-3.8.1\maven-repo\org\springframework\spring-beans\5.2.15.RELEASE\spring-beans-5.2.15.RELEASE.jar;E:\java_web\Maven\apache-maven-3.8.1\maven-repo\org\springframework\spring-oxm\5.2.15.RELEASE\spring-oxm-5.2.15.RELEASE.jar;E:\java_web\Maven\apache-maven-3.8.1\maven-repo\org\springframework\spring-aop\5.2.15.RELEASE\spring-aop-5.2.15.RELEASE.jar;E:\java_web\Maven\apache-maven-3.8.1\maven-repo\org\springframework\spring-context-support\5.2.15.RELEASE\spring-context-support-5.2.15.RELEASE.jar;E:\java_web\Maven\apache-maven-3.8.1\maven-repo\org\slf4j\slf4j-api\1.7.30\slf4j-api-1.7.30.jar;E:\java_web\Maven\apache-maven-3.8.1\maven-repo\io\lettuce\lettuce-core\6.1.6.RELEASE\lettuce-core-6.1.6.RELEASE.jar;E:\java_web\Maven\apache-maven-3.8.1\maven-repo\io\netty\netty-common\4.1.65.Final\netty-common-4.1.65.Final.jar;E:\java_web\Maven\apache-maven-3.8.1\maven-repo\io\netty\netty-handler\4.1.65.Final\netty-handler-4.1.65.Final.jar;E:\java_web\Maven\apache-maven-3.8.1\maven-repo\io\netty\netty-resolver\4.1.65.Final\netty-resolver-4.1.65.Final.jar;E:\java_web\Maven\apache-maven-3.8.1\maven-repo\io\netty\netty-transport\4.1.65.Final\netty-transport-4.1.65.Final.jar;E:\java_web\Maven\apache-maven-3.8.1\maven-repo\io\projectreactor\reactor-core\3.3.17.RELEASE\reactor-core-3.3.17.RELEASE.jar;E:\java_web\Maven\apache-maven-3.8.1\maven-repo\org\reactivestreams\reactive-streams\1.0.3\reactive-streams-1.0.3.jar;E:\java_web\Maven\apache-maven-3.8.1\maven-repo\org\apache\commons\commons-pool2\2.8.1\commons-pool2-2.8.1.jar;E:\java_web\Maven\apache-maven-3.8.1\maven-repo\org\springframework\boot\spring-boot-starter-web\2.3.12.RELEASE\spring-boot-starter-web-2.3.12.RELEASE.jar;E:\java_web\Maven\apache-maven-3.8.1\maven-repo\org\springframework\boot\spring-boot-starter-json\2.3.12.RELEASE\spring-boot-starter-json-2.3.12.RELEASE.jar;E:\java_web\Maven\apache-maven-3.8.1\maven-repo\com\fasterxml\jackson\datatype\jackson-datatype-jdk8\2.11.4\jackson-datatype-jdk8-2.11.4.jar;E:\java_web\Maven\apache-maven-3.8.1\maven-repo\com\fasterxml\jackson\datatype\jackson-datatype-jsr310\2.11.4\jackson-datatype-jsr310-2.11.4.jar;E:\java_web\Maven\apache-maven-3.8.1\maven-repo\com\fasterxml\jackson\module\jackson-module-parameter-names\2.11.4\jackson-module-parameter-names-2.11.4.jar;E:\java_web\Maven\apache-maven-3.8.1\maven-repo\org\springframework\boot\spring-boot-starter-tomcat\2.3.12.RELEASE\spring-boot-starter-tomcat-2.3.12.RELEASE.jar;E:\java_web\Maven\apache-maven-3.8.1\maven-repo\org\apache\tomcat\embed\tomcat-embed-core\9.0.46\tomcat-embed-core-9.0.46.jar;E:\java_web\Maven\apache-maven-3.8.1\maven-repo\org\glassfish\jakarta.el\3.0.3\jakarta.el-3.0.3.jar;E:\java_web\Maven\apache-maven-3.8.1\maven-repo\org\apache\tomcat\embed\tomcat-embed-websocket\9.0.46\tomcat-embed-websocket-9.0.46.jar;E:\java_web\Maven\apache-maven-3.8.1\maven-repo\org\springframework\spring-web\5.2.15.RELEASE\spring-web-5.2.15.RELEASE.jar;E:\java_web\Maven\apache-maven-3.8.1\maven-repo\org\springframework\spring-webmvc\5.2.15.RELEASE\spring-webmvc-5.2.15.RELEASE.jar;E:\java_web\Maven\apache-maven-3.8.1\maven-repo\org\springframework\spring-expression\5.2.15.RELEASE\spring-expression-5.2.15.RELEASE.jar;E:\java_web\Maven\apache-maven-3.8.1\maven-repo\mysql\mysql-connector-java\5.1.47\mysql-connector-java-5.1.47.jar;E:\java_web\Maven\apache-maven-3.8.1\maven-repo\org\projectlombok\lombok\1.18.20\lombok-1.18.20.jar;E:\java_web\Maven\apache-maven-3.8.1\maven-repo\org\springframework\boot\spring-boot-starter-test\2.3.12.RELEASE\spring-boot-starter-test-2.3.12.RELEASE.jar;E:\java_web\Maven\apache-maven-3.8.1\maven-repo\org\springframework\boot\spring-boot-test\2.3.12.RELEASE\spring-boot-test-2.3.12.RELEASE.jar;E:\java_web\Maven\apache-maven-3.8.1\maven-repo\org\springframework\boot\spring-boot-test-autoconfigure\2.3.12.RELEASE\spring-boot-test-autoconfigure-2.3.12.RELEASE.jar;E:\java_web\Maven\apache-maven-3.8.1\maven-repo\com\jayway\jsonpath\json-path\2.4.0\json-path-2.4.0.jar;E:\java_web\Maven\apache-maven-3.8.1\maven-repo\net\minidev\json-smart\2.3.1\json-smart-2.3.1.jar;E:\java_web\Maven\apache-maven-3.8.1\maven-repo\net\minidev\accessors-smart\2.3.1\accessors-smart-2.3.1.jar;E:\java_web\Maven\apache-maven-3.8.1\maven-repo\org\ow2\asm\asm\5.0.4\asm-5.0.4.jar;E:\java_web\Maven\apache-maven-3.8.1\maven-repo\jakarta\xml\bind\jakarta.xml.bind-api\2.3.3\jakarta.xml.bind-api-2.3.3.jar;E:\java_web\Maven\apache-maven-3.8.1\maven-repo\jakarta\activation\jakarta.activation-api\1.2.2\jakarta.activation-api-1.2.2.jar;E:\java_web\Maven\apache-maven-3.8.1\maven-repo\org\assertj\assertj-core\3.16.1\assertj-core-3.16.1.jar;E:\java_web\Maven\apache-maven-3.8.1\maven-repo\org\hamcrest\hamcrest\2.2\hamcrest-2.2.jar;E:\java_web\Maven\apache-maven-3.8.1\maven-repo\org\junit\jupiter\junit-jupiter\5.6.3\junit-jupiter-5.6.3.jar;E:\java_web\Maven\apache-maven-3.8.1\maven-repo\org\junit\jupiter\junit-jupiter-api\5.6.3\junit-jupiter-api-5.6.3.jar;E:\java_web\Maven\apache-maven-3.8.1\maven-repo\org\opentest4j\opentest4j\1.2.0\opentest4j-1.2.0.jar;E:\java_web\Maven\apache-maven-3.8.1\maven-repo\org\junit\platform\junit-platform-commons\1.6.3\junit-platform-commons-1.6.3.jar;E:\java_web\Maven\apache-maven-3.8.1\maven-repo\org\junit\jupiter\junit-jupiter-params\5.6.3\junit-jupiter-params-5.6.3.jar;E:\java_web\Maven\apache-maven-3.8.1\maven-repo\org\junit\jupiter\junit-jupiter-engine\5.6.3\junit-jupiter-engine-5.6.3.jar;E:\java_web\Maven\apache-maven-3.8.1\maven-repo\org\junit\vintage\junit-vintage-engine\5.6.3\junit-vintage-engine-5.6.3.jar;E:\java_web\Maven\apache-maven-3.8.1\maven-repo\org\apiguardian\apiguardian-api\1.1.0\apiguardian-api-1.1.0.jar;E:\java_web\Maven\apache-maven-3.8.1\maven-repo\org\junit\platform\junit-platform-engine\1.6.3\junit-platform-engine-1.6.3.jar;E:\java_web\Maven\apache-maven-3.8.1\maven-repo\junit\junit\4.13.2\junit-4.13.2.jar;E:\java_web\Maven\apache-maven-3.8.1\maven-repo\org\mockito\mockito-core\3.3.3\mockito-core-3.3.3.jar;E:\java_web\Maven\apache-maven-3.8.1\maven-repo\net\bytebuddy\byte-buddy-agent\1.10.22\byte-buddy-agent-1.10.22.jar;E:\java_web\Maven\apache-maven-3.8.1\maven-repo\org\objenesis\objenesis\2.6\objenesis-2.6.jar;E:\java_web\Maven\apache-maven-3.8.1\maven-repo\org\mockito\mockito-junit-jupiter\3.3.3\mockito-junit-jupiter-3.3.3.jar;E:\java_web\Maven\apache-maven-3.8.1\maven-repo\org\skyscreamer\jsonassert\1.5.0\jsonassert-1.5.0.jar;E:\java_web\Maven\apache-maven-3.8.1\maven-repo\com\vaadin\external\google\android-json\0.0.20131108.vaadin1\android-json-0.0.20131108.vaadin1.jar;E:\java_web\Maven\apache-maven-3.8.1\maven-repo\org\springframework\spring-core\5.2.15.RELEASE\spring-core-5.2.15.RELEASE.jar;E:\java_web\Maven\apache-maven-3.8.1\maven-repo\org\springframework\spring-jcl\5.2.15.RELEASE\spring-jcl-5.2.15.RELEASE.jar;E:\java_web\Maven\apache-maven-3.8.1\maven-repo\org\springframework\spring-test\5.2.15.RELEASE\spring-test-5.2.15.RELEASE.jar;E:\java_web\Maven\apache-maven-3.8.1\maven-repo\org\xmlunit\xmlunit-core\2.7.0\xmlunit-core-2.7.0.jar;E:\java_web\Maven\apache-maven-3.8.1\maven-repo\com\baomidou\mybatis-plus-boot-starter\3.4.3\mybatis-plus-boot-starter-3.4.3.jar;E:\java_web\Maven\apache-maven-3.8.1\maven-repo\com\baomidou\mybatis-plus\3.4.3\mybatis-plus-3.4.3.jar;E:\java_web\Maven\apache-maven-3.8.1\maven-repo\com\baomidou\mybatis-plus-extension\3.4.3\mybatis-plus-extension-3.4.3.jar;E:\java_web\Maven\apache-maven-3.8.1\maven-repo\com\baomidou\mybatis-plus-core\3.4.3\mybatis-plus-core-3.4.3.jar;E:\java_web\Maven\apache-maven-3.8.1\maven-repo\com\baomidou\mybatis-plus-annotation\3.4.3\mybatis-plus-annotation-3.4.3.jar;E:\java_web\Maven\apache-maven-3.8.1\maven-repo\com\github\jsqlparser\jsqlparser\4.0\jsqlparser-4.0.jar;E:\java_web\Maven\apache-maven-3.8.1\maven-repo\org\mybatis\mybatis\3.5.7\mybatis-3.5.7.jar;E:\java_web\Maven\apache-maven-3.8.1\maven-repo\org\mybatis\mybatis-spring\2.0.6\mybatis-spring-2.0.6.jar;E:\java_web\Maven\apache-maven-3.8.1\maven-repo\org\springframework\boot\spring-boot-autoconfigure\2.3.12.RELEASE\spring-boot-autoconfigure-2.3.12.RELEASE.jar;E:\java_web\Maven\apache-maven-3.8.1\maven-repo\org\springframework\boot\spring-boot-starter-jdbc\2.3.12.RELEASE\spring-boot-starter-jdbc-2.3.12.RELEASE.jar;E:\java_web\Maven\apache-maven-3.8.1\maven-repo\com\zaxxer\HikariCP\3.4.5\HikariCP-3.4.5.jar;E:\java_web\Maven\apache-maven-3.8.1\maven-repo\org\springframework\spring-jdbc\5.2.15.RELEASE\spring-jdbc-5.2.15.RELEASE.jar;E:\java_web\Maven\apache-maven-3.8.1\maven-repo\cn\hutool\hutool-all\5.7.17\hutool-all-5.7.17.jar;E:\java_web\Maven\apache-maven-3.8.1\maven-repo\org\redisson\redisson\3.13.6\redisson-3.13.6.jar;E:\java_web\Maven\apache-maven-3.8.1\maven-repo\io\netty\netty-codec\4.1.65.Final\netty-codec-4.1.65.Final.jar;E:\java_web\Maven\apache-maven-3.8.1\maven-repo\io\netty\netty-buffer\4.1.65.Final\netty-buffer-4.1.65.Final.jar;E:\java_web\Maven\apache-maven-3.8.1\maven-repo\io\netty\netty-resolver-dns\4.1.65.Final\netty-resolver-dns-4.1.65.Final.jar;E:\java_web\Maven\apache-maven-3.8.1\maven-repo\io\netty\netty-codec-dns\4.1.65.Final\netty-codec-dns-4.1.65.Final.jar;E:\java_web\Maven\apache-maven-3.8.1\maven-repo\javax\cache\cache-api\1.1.1\cache-api-1.1.1.jar;E:\java_web\Maven\apache-maven-3.8.1\maven-repo\io\reactivex\rxjava2\rxjava\2.2.21\rxjava-2.2.21.jar;E:\java_web\Maven\apache-maven-3.8.1\maven-repo\org\jboss\marshalling\jboss-marshalling-river\2.0.10.Final\jboss-marshalling-river-2.0.10.Final.jar;E:\java_web\Maven\apache-maven-3.8.1\maven-repo\org\jboss\marshalling\jboss-marshalling\2.0.10.Final\jboss-marshalling-2.0.10.Final.jar;E:\java_web\Maven\apache-maven-3.8.1\maven-repo\org\yaml\snakeyaml\1.26\snakeyaml-1.26.jar;E:\java_web\Maven\apache-maven-3.8.1\maven-repo\com\fasterxml\jackson\dataformat\jackson-dataformat-yaml\2.11.4\jackson-dataformat-yaml-2.11.4.jar;E:\java_web\Maven\apache-maven-3.8.1\maven-repo\com\fasterxml\jackson\core\jackson-core\2.11.4\jackson-core-2.11.4.jar;E:\java_web\Maven\apache-maven-3.8.1\maven-repo\com\fasterxml\jackson\core\jackson-databind\2.11.4\jackson-databind-2.11.4.jar;E:\java_web\Maven\apache-maven-3.8.1\maven-repo\com\fasterxml\jackson\core\jackson-annotations\2.11.4\jackson-annotations-2.11.4.jar;E:\java_web\Maven\apache-maven-3.8.1\maven-repo\net\bytebuddy\byte-buddy\1.10.22\byte-buddy-1.10.22.jar;E:\java_web\Maven\apache-maven-3.8.1\maven-repo\org\jodd\jodd-bean\5.1.6\jodd-bean-5.1.6.jar;E:\java_web\Maven\apache-maven-3.8.1\maven-repo\org\jodd\jodd-core\5.1.6\jodd-core-5.1.6.jar;E:\java_web\Maven\apache-maven-3.8.1\maven-repo\org\aspectj\aspectjweaver\1.9.6\aspectjweaver-1.9.6.jar;"/>
    <property name="java.vm.vendor" value="Amazon.com Inc."/>
    <property name="sun.arch.data.model" value="64"/>
    <property name="user.variant" value=""/>
    <property name="java.vendor.url" value="https://aws.amazon.com/corretto/"/>
    <property name="user.timezone" value="Asia/Shanghai"/>
    <property name="java.vm.specification.version" value="1.8"/>
    <property name="os.name" value="Windows 11"/>
    <property name="user.country" value="CN"/>
    <property name="sun.java.launcher" value="SUN_STANDARD"/>
    <property name="sun.boot.library.path" value="C:\Users\小丑\.jdks\corretto-1.8.0_362\jre\bin"/>
    <property name="sun.java.command" value="C:\Users\小丑\AppData\Local\Temp\surefire6131280322943937491\surefirebooter4525842277766349265.jar C:\Users\小丑\AppData\Local\Temp\surefire6131280322943937491 2023-07-31T11-27-49_163-jvmRun1 surefire1154538036767145940tmp surefire_02719147515313782931tmp"/>
    <property name="surefire.test.class.path" value="E:\Java_Project\Redis_zhn\shop\target\test-classes;E:\Java_Project\Redis_zhn\shop\target\classes;E:\java_web\Maven\apache-maven-3.8.1\maven-repo\org\springframework\boot\spring-boot-starter-data-redis\2.3.12.RELEASE\spring-boot-starter-data-redis-2.3.12.RELEASE.jar;E:\java_web\Maven\apache-maven-3.8.1\maven-repo\org\springframework\boot\spring-boot-starter\2.3.12.RELEASE\spring-boot-starter-2.3.12.RELEASE.jar;E:\java_web\Maven\apache-maven-3.8.1\maven-repo\org\springframework\boot\spring-boot\2.3.12.RELEASE\spring-boot-2.3.12.RELEASE.jar;E:\java_web\Maven\apache-maven-3.8.1\maven-repo\org\springframework\boot\spring-boot-starter-logging\2.3.12.RELEASE\spring-boot-starter-logging-2.3.12.RELEASE.jar;E:\java_web\Maven\apache-maven-3.8.1\maven-repo\ch\qos\logback\logback-classic\1.2.3\logback-classic-1.2.3.jar;E:\java_web\Maven\apache-maven-3.8.1\maven-repo\ch\qos\logback\logback-core\1.2.3\logback-core-1.2.3.jar;E:\java_web\Maven\apache-maven-3.8.1\maven-repo\org\apache\logging\log4j\log4j-to-slf4j\2.13.3\log4j-to-slf4j-2.13.3.jar;E:\java_web\Maven\apache-maven-3.8.1\maven-repo\org\apache\logging\log4j\log4j-api\2.13.3\log4j-api-2.13.3.jar;E:\java_web\Maven\apache-maven-3.8.1\maven-repo\org\slf4j\jul-to-slf4j\1.7.30\jul-to-slf4j-1.7.30.jar;E:\java_web\Maven\apache-maven-3.8.1\maven-repo\jakarta\annotation\jakarta.annotation-api\1.3.5\jakarta.annotation-api-1.3.5.jar;E:\java_web\Maven\apache-maven-3.8.1\maven-repo\org\springframework\data\spring-data-redis\2.6.2\spring-data-redis-2.6.2.jar;E:\java_web\Maven\apache-maven-3.8.1\maven-repo\org\springframework\data\spring-data-keyvalue\2.3.9.RELEASE\spring-data-keyvalue-2.3.9.RELEASE.jar;E:\java_web\Maven\apache-maven-3.8.1\maven-repo\org\springframework\data\spring-data-commons\2.3.9.RELEASE\spring-data-commons-2.3.9.RELEASE.jar;E:\java_web\Maven\apache-maven-3.8.1\maven-repo\org\springframework\spring-context\5.2.15.RELEASE\spring-context-5.2.15.RELEASE.jar;E:\java_web\Maven\apache-maven-3.8.1\maven-repo\org\springframework\spring-tx\5.2.15.RELEASE\spring-tx-5.2.15.RELEASE.jar;E:\java_web\Maven\apache-maven-3.8.1\maven-repo\org\springframework\spring-beans\5.2.15.RELEASE\spring-beans-5.2.15.RELEASE.jar;E:\java_web\Maven\apache-maven-3.8.1\maven-repo\org\springframework\spring-oxm\5.2.15.RELEASE\spring-oxm-5.2.15.RELEASE.jar;E:\java_web\Maven\apache-maven-3.8.1\maven-repo\org\springframework\spring-aop\5.2.15.RELEASE\spring-aop-5.2.15.RELEASE.jar;E:\java_web\Maven\apache-maven-3.8.1\maven-repo\org\springframework\spring-context-support\5.2.15.RELEASE\spring-context-support-5.2.15.RELEASE.jar;E:\java_web\Maven\apache-maven-3.8.1\maven-repo\org\slf4j\slf4j-api\1.7.30\slf4j-api-1.7.30.jar;E:\java_web\Maven\apache-maven-3.8.1\maven-repo\io\lettuce\lettuce-core\6.1.6.RELEASE\lettuce-core-6.1.6.RELEASE.jar;E:\java_web\Maven\apache-maven-3.8.1\maven-repo\io\netty\netty-common\4.1.65.Final\netty-common-4.1.65.Final.jar;E:\java_web\Maven\apache-maven-3.8.1\maven-repo\io\netty\netty-handler\4.1.65.Final\netty-handler-4.1.65.Final.jar;E:\java_web\Maven\apache-maven-3.8.1\maven-repo\io\netty\netty-resolver\4.1.65.Final\netty-resolver-4.1.65.Final.jar;E:\java_web\Maven\apache-maven-3.8.1\maven-repo\io\netty\netty-transport\4.1.65.Final\netty-transport-4.1.65.Final.jar;E:\java_web\Maven\apache-maven-3.8.1\maven-repo\io\projectreactor\reactor-core\3.3.17.RELEASE\reactor-core-3.3.17.RELEASE.jar;E:\java_web\Maven\apache-maven-3.8.1\maven-repo\org\reactivestreams\reactive-streams\1.0.3\reactive-streams-1.0.3.jar;E:\java_web\Maven\apache-maven-3.8.1\maven-repo\org\apache\commons\commons-pool2\2.8.1\commons-pool2-2.8.1.jar;E:\java_web\Maven\apache-maven-3.8.1\maven-repo\org\springframework\boot\spring-boot-starter-web\2.3.12.RELEASE\spring-boot-starter-web-2.3.12.RELEASE.jar;E:\java_web\Maven\apache-maven-3.8.1\maven-repo\org\springframework\boot\spring-boot-starter-json\2.3.12.RELEASE\spring-boot-starter-json-2.3.12.RELEASE.jar;E:\java_web\Maven\apache-maven-3.8.1\maven-repo\com\fasterxml\jackson\datatype\jackson-datatype-jdk8\2.11.4\jackson-datatype-jdk8-2.11.4.jar;E:\java_web\Maven\apache-maven-3.8.1\maven-repo\com\fasterxml\jackson\datatype\jackson-datatype-jsr310\2.11.4\jackson-datatype-jsr310-2.11.4.jar;E:\java_web\Maven\apache-maven-3.8.1\maven-repo\com\fasterxml\jackson\module\jackson-module-parameter-names\2.11.4\jackson-module-parameter-names-2.11.4.jar;E:\java_web\Maven\apache-maven-3.8.1\maven-repo\org\springframework\boot\spring-boot-starter-tomcat\2.3.12.RELEASE\spring-boot-starter-tomcat-2.3.12.RELEASE.jar;E:\java_web\Maven\apache-maven-3.8.1\maven-repo\org\apache\tomcat\embed\tomcat-embed-core\9.0.46\tomcat-embed-core-9.0.46.jar;E:\java_web\Maven\apache-maven-3.8.1\maven-repo\org\glassfish\jakarta.el\3.0.3\jakarta.el-3.0.3.jar;E:\java_web\Maven\apache-maven-3.8.1\maven-repo\org\apache\tomcat\embed\tomcat-embed-websocket\9.0.46\tomcat-embed-websocket-9.0.46.jar;E:\java_web\Maven\apache-maven-3.8.1\maven-repo\org\springframework\spring-web\5.2.15.RELEASE\spring-web-5.2.15.RELEASE.jar;E:\java_web\Maven\apache-maven-3.8.1\maven-repo\org\springframework\spring-webmvc\5.2.15.RELEASE\spring-webmvc-5.2.15.RELEASE.jar;E:\java_web\Maven\apache-maven-3.8.1\maven-repo\org\springframework\spring-expression\5.2.15.RELEASE\spring-expression-5.2.15.RELEASE.jar;E:\java_web\Maven\apache-maven-3.8.1\maven-repo\mysql\mysql-connector-java\5.1.47\mysql-connector-java-5.1.47.jar;E:\java_web\Maven\apache-maven-3.8.1\maven-repo\org\projectlombok\lombok\1.18.20\lombok-1.18.20.jar;E:\java_web\Maven\apache-maven-3.8.1\maven-repo\org\springframework\boot\spring-boot-starter-test\2.3.12.RELEASE\spring-boot-starter-test-2.3.12.RELEASE.jar;E:\java_web\Maven\apache-maven-3.8.1\maven-repo\org\springframework\boot\spring-boot-test\2.3.12.RELEASE\spring-boot-test-2.3.12.RELEASE.jar;E:\java_web\Maven\apache-maven-3.8.1\maven-repo\org\springframework\boot\spring-boot-test-autoconfigure\2.3.12.RELEASE\spring-boot-test-autoconfigure-2.3.12.RELEASE.jar;E:\java_web\Maven\apache-maven-3.8.1\maven-repo\com\jayway\jsonpath\json-path\2.4.0\json-path-2.4.0.jar;E:\java_web\Maven\apache-maven-3.8.1\maven-repo\net\minidev\json-smart\2.3.1\json-smart-2.3.1.jar;E:\java_web\Maven\apache-maven-3.8.1\maven-repo\net\minidev\accessors-smart\2.3.1\accessors-smart-2.3.1.jar;E:\java_web\Maven\apache-maven-3.8.1\maven-repo\org\ow2\asm\asm\5.0.4\asm-5.0.4.jar;E:\java_web\Maven\apache-maven-3.8.1\maven-repo\jakarta\xml\bind\jakarta.xml.bind-api\2.3.3\jakarta.xml.bind-api-2.3.3.jar;E:\java_web\Maven\apache-maven-3.8.1\maven-repo\jakarta\activation\jakarta.activation-api\1.2.2\jakarta.activation-api-1.2.2.jar;E:\java_web\Maven\apache-maven-3.8.1\maven-repo\org\assertj\assertj-core\3.16.1\assertj-core-3.16.1.jar;E:\java_web\Maven\apache-maven-3.8.1\maven-repo\org\hamcrest\hamcrest\2.2\hamcrest-2.2.jar;E:\java_web\Maven\apache-maven-3.8.1\maven-repo\org\junit\jupiter\junit-jupiter\5.6.3\junit-jupiter-5.6.3.jar;E:\java_web\Maven\apache-maven-3.8.1\maven-repo\org\junit\jupiter\junit-jupiter-api\5.6.3\junit-jupiter-api-5.6.3.jar;E:\java_web\Maven\apache-maven-3.8.1\maven-repo\org\opentest4j\opentest4j\1.2.0\opentest4j-1.2.0.jar;E:\java_web\Maven\apache-maven-3.8.1\maven-repo\org\junit\platform\junit-platform-commons\1.6.3\junit-platform-commons-1.6.3.jar;E:\java_web\Maven\apache-maven-3.8.1\maven-repo\org\junit\jupiter\junit-jupiter-params\5.6.3\junit-jupiter-params-5.6.3.jar;E:\java_web\Maven\apache-maven-3.8.1\maven-repo\org\junit\jupiter\junit-jupiter-engine\5.6.3\junit-jupiter-engine-5.6.3.jar;E:\java_web\Maven\apache-maven-3.8.1\maven-repo\org\junit\vintage\junit-vintage-engine\5.6.3\junit-vintage-engine-5.6.3.jar;E:\java_web\Maven\apache-maven-3.8.1\maven-repo\org\apiguardian\apiguardian-api\1.1.0\apiguardian-api-1.1.0.jar;E:\java_web\Maven\apache-maven-3.8.1\maven-repo\org\junit\platform\junit-platform-engine\1.6.3\junit-platform-engine-1.6.3.jar;E:\java_web\Maven\apache-maven-3.8.1\maven-repo\junit\junit\4.13.2\junit-4.13.2.jar;E:\java_web\Maven\apache-maven-3.8.1\maven-repo\org\mockito\mockito-core\3.3.3\mockito-core-3.3.3.jar;E:\java_web\Maven\apache-maven-3.8.1\maven-repo\net\bytebuddy\byte-buddy-agent\1.10.22\byte-buddy-agent-1.10.22.jar;E:\java_web\Maven\apache-maven-3.8.1\maven-repo\org\objenesis\objenesis\2.6\objenesis-2.6.jar;E:\java_web\Maven\apache-maven-3.8.1\maven-repo\org\mockito\mockito-junit-jupiter\3.3.3\mockito-junit-jupiter-3.3.3.jar;E:\java_web\Maven\apache-maven-3.8.1\maven-repo\org\skyscreamer\jsonassert\1.5.0\jsonassert-1.5.0.jar;E:\java_web\Maven\apache-maven-3.8.1\maven-repo\com\vaadin\external\google\android-json\0.0.20131108.vaadin1\android-json-0.0.20131108.vaadin1.jar;E:\java_web\Maven\apache-maven-3.8.1\maven-repo\org\springframework\spring-core\5.2.15.RELEASE\spring-core-5.2.15.RELEASE.jar;E:\java_web\Maven\apache-maven-3.8.1\maven-repo\org\springframework\spring-jcl\5.2.15.RELEASE\spring-jcl-5.2.15.RELEASE.jar;E:\java_web\Maven\apache-maven-3.8.1\maven-repo\org\springframework\spring-test\5.2.15.RELEASE\spring-test-5.2.15.RELEASE.jar;E:\java_web\Maven\apache-maven-3.8.1\maven-repo\org\xmlunit\xmlunit-core\2.7.0\xmlunit-core-2.7.0.jar;E:\java_web\Maven\apache-maven-3.8.1\maven-repo\com\baomidou\mybatis-plus-boot-starter\3.4.3\mybatis-plus-boot-starter-3.4.3.jar;E:\java_web\Maven\apache-maven-3.8.1\maven-repo\com\baomidou\mybatis-plus\3.4.3\mybatis-plus-3.4.3.jar;E:\java_web\Maven\apache-maven-3.8.1\maven-repo\com\baomidou\mybatis-plus-extension\3.4.3\mybatis-plus-extension-3.4.3.jar;E:\java_web\Maven\apache-maven-3.8.1\maven-repo\com\baomidou\mybatis-plus-core\3.4.3\mybatis-plus-core-3.4.3.jar;E:\java_web\Maven\apache-maven-3.8.1\maven-repo\com\baomidou\mybatis-plus-annotation\3.4.3\mybatis-plus-annotation-3.4.3.jar;E:\java_web\Maven\apache-maven-3.8.1\maven-repo\com\github\jsqlparser\jsqlparser\4.0\jsqlparser-4.0.jar;E:\java_web\Maven\apache-maven-3.8.1\maven-repo\org\mybatis\mybatis\3.5.7\mybatis-3.5.7.jar;E:\java_web\Maven\apache-maven-3.8.1\maven-repo\org\mybatis\mybatis-spring\2.0.6\mybatis-spring-2.0.6.jar;E:\java_web\Maven\apache-maven-3.8.1\maven-repo\org\springframework\boot\spring-boot-autoconfigure\2.3.12.RELEASE\spring-boot-autoconfigure-2.3.12.RELEASE.jar;E:\java_web\Maven\apache-maven-3.8.1\maven-repo\org\springframework\boot\spring-boot-starter-jdbc\2.3.12.RELEASE\spring-boot-starter-jdbc-2.3.12.RELEASE.jar;E:\java_web\Maven\apache-maven-3.8.1\maven-repo\com\zaxxer\HikariCP\3.4.5\HikariCP-3.4.5.jar;E:\java_web\Maven\apache-maven-3.8.1\maven-repo\org\springframework\spring-jdbc\5.2.15.RELEASE\spring-jdbc-5.2.15.RELEASE.jar;E:\java_web\Maven\apache-maven-3.8.1\maven-repo\cn\hutool\hutool-all\5.7.17\hutool-all-5.7.17.jar;E:\java_web\Maven\apache-maven-3.8.1\maven-repo\org\redisson\redisson\3.13.6\redisson-3.13.6.jar;E:\java_web\Maven\apache-maven-3.8.1\maven-repo\io\netty\netty-codec\4.1.65.Final\netty-codec-4.1.65.Final.jar;E:\java_web\Maven\apache-maven-3.8.1\maven-repo\io\netty\netty-buffer\4.1.65.Final\netty-buffer-4.1.65.Final.jar;E:\java_web\Maven\apache-maven-3.8.1\maven-repo\io\netty\netty-resolver-dns\4.1.65.Final\netty-resolver-dns-4.1.65.Final.jar;E:\java_web\Maven\apache-maven-3.8.1\maven-repo\io\netty\netty-codec-dns\4.1.65.Final\netty-codec-dns-4.1.65.Final.jar;E:\java_web\Maven\apache-maven-3.8.1\maven-repo\javax\cache\cache-api\1.1.1\cache-api-1.1.1.jar;E:\java_web\Maven\apache-maven-3.8.1\maven-repo\io\reactivex\rxjava2\rxjava\2.2.21\rxjava-2.2.21.jar;E:\java_web\Maven\apache-maven-3.8.1\maven-repo\org\jboss\marshalling\jboss-marshalling-river\2.0.10.Final\jboss-marshalling-river-2.0.10.Final.jar;E:\java_web\Maven\apache-maven-3.8.1\maven-repo\org\jboss\marshalling\jboss-marshalling\2.0.10.Final\jboss-marshalling-2.0.10.Final.jar;E:\java_web\Maven\apache-maven-3.8.1\maven-repo\org\yaml\snakeyaml\1.26\snakeyaml-1.26.jar;E:\java_web\Maven\apache-maven-3.8.1\maven-repo\com\fasterxml\jackson\dataformat\jackson-dataformat-yaml\2.11.4\jackson-dataformat-yaml-2.11.4.jar;E:\java_web\Maven\apache-maven-3.8.1\maven-repo\com\fasterxml\jackson\core\jackson-core\2.11.4\jackson-core-2.11.4.jar;E:\java_web\Maven\apache-maven-3.8.1\maven-repo\com\fasterxml\jackson\core\jackson-databind\2.11.4\jackson-databind-2.11.4.jar;E:\java_web\Maven\apache-maven-3.8.1\maven-repo\com\fasterxml\jackson\core\jackson-annotations\2.11.4\jackson-annotations-2.11.4.jar;E:\java_web\Maven\apache-maven-3.8.1\maven-repo\net\bytebuddy\byte-buddy\1.10.22\byte-buddy-1.10.22.jar;E:\java_web\Maven\apache-maven-3.8.1\maven-repo\org\jodd\jodd-bean\5.1.6\jodd-bean-5.1.6.jar;E:\java_web\Maven\apache-maven-3.8.1\maven-repo\org\jodd\jodd-core\5.1.6\jodd-core-5.1.6.jar;E:\java_web\Maven\apache-maven-3.8.1\maven-repo\org\aspectj\aspectjweaver\1.9.6\aspectjweaver-1.9.6.jar;"/>
    <property name="sun.cpu.endian" value="little"/>
    <property name="user.home" value="C:\Users\小丑"/>
    <property name="user.language" value="zh"/>
    <property name="java.specification.vendor" value="Oracle Corporation"/>
    <property name="java.home" value="C:\Users\小丑\.jdks\corretto-1.8.0_362\jre"/>
    <property name="basedir" value="E:\Java_Project\Redis_zhn\shop"/>
    <property name="file.separator" value="\"/>
    <property name="line.separator" value="&#10;"/>
    <property name="java.vm.specification.vendor" value="Oracle Corporation"/>
    <property name="java.specification.name" value="Java Platform API Specification"/>
    <property name="java.awt.graphicsenv" value="sun.awt.Win32GraphicsEnvironment"/>
    <property name="surefire.real.class.path" value="C:\Users\小丑\AppData\Local\Temp\surefire6131280322943937491\surefirebooter4525842277766349265.jar"/>
    <property name="sun.boot.class.path" value="C:\Users\小丑\.jdks\corretto-1.8.0_362\jre\lib\resources.jar;C:\Users\小丑\.jdks\corretto-1.8.0_362\jre\lib\rt.jar;C:\Users\小丑\.jdks\corretto-1.8.0_362\jre\lib\sunrsasign.jar;C:\Users\小丑\.jdks\corretto-1.8.0_362\jre\lib\jsse.jar;C:\Users\小丑\.jdks\corretto-1.8.0_362\jre\lib\jce.jar;C:\Users\小丑\.jdks\corretto-1.8.0_362\jre\lib\charsets.jar;C:\Users\小丑\.jdks\corretto-1.8.0_362\jre\lib\jfr.jar;C:\Users\小丑\.jdks\corretto-1.8.0_362\jre\classes"/>
    <property name="user.script" value=""/>
    <property name="sun.management.compiler" value="HotSpot 64-Bit Tiered Compilers"/>
    <property name="java.runtime.version" value="1.8.0_362-b08"/>
    <property name="user.name" value="小丑"/>
    <property name="path.separator" value=";"/>
    <property name="os.version" value="10.0"/>
    <property name="java.endorsed.dirs" value="C:\Users\小丑\.jdks\corretto-1.8.0_362\jre\lib\endorsed"/>
    <property name="java.runtime.name" value="OpenJDK Runtime Environment"/>
    <property name="file.encoding" value="GBK"/>
    <property name="java.vm.name" value="OpenJDK 64-Bit Server VM"/>
    <property name="localRepository" value="E:\java_web\Maven\apache-maven-3.8.1\maven-repo"/>
    <property name="java.vendor.url.bug" value="https://github.com/corretto/corretto-8/issues/"/>
    <property name="java.io.tmpdir" value="C:\Users\小丑\AppData\Local\Temp\"/>
    <property name="idea.version" value="2022.2"/>
    <property name="java.version" value="1.8.0_362"/>
    <property name="user.dir" value="E:\Java_Project\Redis_zhn\shop"/>
    <property name="os.arch" value="amd64"/>
    <property name="java.vm.specification.name" value="Java Virtual Machine Specification"/>
    <property name="java.awt.printerjob" value="sun.awt.windows.WPrinterJob"/>
    <property name="sun.os.patch.level" value=""/>
    <property name="java.library.path" value="C:\Users\小丑\.jdks\corretto-1.8.0_362\jre\bin;C:\WINDOWS\Sun\Java\bin;C:\WINDOWS\system32;C:\WINDOWS;C:\Program Files\Java\jdk1.8.0_201\bin;C:\Program Files\Java\jdk1.8.0_201\bin;C:\Program Files\Java\jdk1.8.0_201\jre\bin;D:\vmware\bin\;C:\Windows\system32;C:\Windows;C:\Windows\System32\Wbem;C:\Windows\System32\WindowsPowerShell\v1.0\;C:\Windows\System32\OpenSSH\;C:\WINDOWS\system32;C:\WINDOWS;C:\WINDOWS\System32\Wbem;C:\WINDOWS\System32\WindowsPowerShell\v1.0\;C:\WINDOWS\System32\OpenSSH\;C:\Program Files (x86)\NVIDIA Corporation\PhysX\Common;D:\微信web开发者工具\dll;%Syste;Root%\system32;C:\WINDOWS;C:\WINDOWS\System32\Wbem;C:\WINDOWS\System32\WindowsPowerShell\v1.0\;C:\WINDOWS\System32\OpenSSH\;C:\Program Files\MySQL\MySQL Server 8.0\bin;%NODE_HOME%;%NODE_HOME%\node_cache;%NODE_HOME%\node_global;D:\Git\cmd;D:\bandzip\Bandizip\;D:\xshell\xshell\;D:\xshell\xftp\;E:\java_web\nodejs\node-v14.6.0;C:\Users\小丑\AppData\Local\Programs\Python\Python39\Scripts\;C:\Users\小丑\AppData\Local\Programs\Python\Python39\;C:\Users\小丑\AppData\Local\Microsoft\WindowsApps;&quot;E:\java_web\Tomcat\apache-tomcat-9.0.65\lib;E:\java_web\Tomcat\apache-tomcat-9.0.65\lib\servletapi.jar;E:\java_web\Tomcat\apache-tomcat-9.0.65\lib\jsp-api.jar;&quot;;E:\java_web\Maven\apache-maven-3.6.3\bin;D:\LayaMetaX-PGC-win\Microsoft VS Code\bin;C:\Program Files\MySQL\MySQL Server 8.0\bin;C:\Users\小丑\AppData\Roaming\npm;C:\Program Files\Google\Chrome\Application\;;E:\IntelliJ IDEA Community Edition 2022.1\bin;;E:\IntelliJ IDEA 2022.2\bin;;."/>
    <property name="java.vm.info" value="mixed mode"/>
    <property name="java.vendor" value="Amazon.com Inc."/>
    <property name="java.vm.version" value="25.362-b08"/>
    <property name="java.specification.maintenance.version" value="4"/>
    <property name="java.ext.dirs" value="C:\Users\小丑\.jdks\corretto-1.8.0_362\jre\lib\ext;C:\WINDOWS\Sun\Java\lib\ext"/>
    <property name="sun.io.unicode.encoding" value="UnicodeLittle"/>
    <property name="maven.repo.local" value="E:\java_web\Maven\apache-maven-3.8.1\maven-repo"/>
    <property name="java.class.version" value="52.0"/>
  </properties>
  <testcase name="testBitMap" classname="com.zhn.NormalTest" time="0"/>
</testsuite>